<?xml version="1.0" encoding="UTF-8"?>
<testsuite name="memory.MemoryFinderTest" tests="1" skipped="0" failures="0" errors="0" timestamp="2024-02-11T03:03:59" hostname="alexui-MacBookPro.local" time="0.056">
  <properties/>
  <testcase name="get()" classname="memory.MemoryFinderTest" time="0.056"/>
  <system-out><![CDATA[]]></system-out>
  <system-err><![CDATA[]]></system-err>
</testsuite>
